<?xml version="1.0" encoding="UTF-8"?>
<!-- Generated by org.testng.reporters.JUnitReportReporter -->
<testsuite hostname="LAPTOP-1IRUC0VU" failures="0" tests="3" name="Test.Demo3" time="6.681" errors="0" timestamp="2023-10-04T22:47:56 EDT" skipped="0">
  <testcase classname="Test.Demo3" name="T2" time="0.000"/>
  <testcase classname="Test.Demo3" name="T3" time="0.000"/>
  <testcase classname="Test.Demo3" name="T1" time="6.681"/>
</testsuite> <!-- Test.Demo3 -->
