<?xml version="1.0" encoding="UTF-8"?>
<!-- Generated by org.testng.reporters.JUnitReportReporter -->
<testsuite hostname="LAPTOP-1IRUC0VU" failures="0" tests="1" name="Test.Demo2" time="6.705" errors="0" timestamp="2023-10-04T22:47:56 EDT" skipped="0">
  <testcase classname="Test.Demo2" name="T1" time="6.705"/>
</testsuite> <!-- Test.Demo2 -->
